#-----------------------------------------------------------
# Vivado v2018.3 (64-bit)
# SW Build 2405991 on Thu Dec  6 23:38:27 MST 2018
# IP Build 2404404 on Fri Dec  7 01:43:56 MST 2018
# Start of session at: Thu Sep 22 00:07:21 2022
# Process ID: 19408
# Current directory: D:/work/Junior/计算机组成原理课程设计/CDE/soc_sram_func/run_vivado/mycpu_prj1
# Command line: vivado.exe -gui_launcher_event rodinguilauncherevent24196 D:\work\Junior\计算机组成原理课程设计\CDE\soc_sram_func\run_vivado\mycpu_prj1\mycpu.xpr
# Log file: D:/work/Junior/计算机组成原理课程设计/CDE/soc_sram_func/run_vivado/mycpu_prj1/vivado.log
# Journal file: D:/work/Junior/计算机组成原理课程设计/CDE/soc_sram_func/run_vivado/mycpu_prj1\vivado.jou
#-----------------------------------------------------------
start_gui
open_project D:/work/Junior/计算机组成原理课程设计/CDE/soc_sram_func/run_vivado/mycpu_prj1/mycpu.xpr
INFO: [Project 1-313] Project file moved from 'E:/nscscc2019/develop/func_test_v0.03/soc_sram_func/run_vivado/mycpu_prj1' since last save.
Scanning sources...
Finished scanning sources
WARNING: [Project 1-509] GeneratedRun file for 'synth_1' not found
WARNING: [Project 1-509] GeneratedRun file for 'data_ram_synth_1' not found
WARNING: [Project 1-509] GeneratedRun file for 'clk_pll_synth_1' not found
WARNING: [Project 1-509] GeneratedRun file for 'inst_ram_synth_1' not found
WARNING: [Project 1-509] GeneratedRun file for 'impl_1' not found
WARNING: [filemgmt 56-2] IPUserFilesDir: Could not find the directory 'D:/work/Junior/计算机组成原理课程设计/CDE/soc_sram_func/run_vivado/mycpu_prj1/mycpu.ip_user_files', nor could it be found using path 'E:/nscscc2019/develop/func_test_v0.03/soc_sram_func/run_vivado/mycpu_prj1/mycpu.ip_user_files'.
INFO: [IP_Flow 19-234] Refreshing IP repositories
INFO: [IP_Flow 19-1704] No user IP repositories specified
INFO: [IP_Flow 19-2313] Loaded Vivado IP repository 'D:/Vivado/Vivado/Vivado/2018.3/data/ip'.
INFO: [Device 21-403] Loading part xc7a200tfbg676-2
open_project: Time (s): cpu = 00:01:14 ; elapsed = 00:01:11 . Memory (MB): peak = 978.711 ; gain = 382.891
update_compile_order -fileset sources_1
exit
INFO: [Common 17-206] Exiting Vivado at Thu Sep 22 00:10:02 2022...
